<?xml version="1.0" encoding="UTF-8"?>
<testng-results ignored="0" total="1" passed="1" failed="0" skipped="0">
  <reporter-output>
  </reporter-output>
  <suite started-at="2022-09-22T18:30:37 GMT+05:30" name="Default suite" finished-at="2022-09-22T18:30:37 GMT+05:30" duration-ms="134">
    <groups>
    </groups>
    <test started-at="2022-09-22T18:30:37 GMT+05:30" name="Default test" finished-at="2022-09-22T18:30:37 GMT+05:30" duration-ms="134">
      <class name="Facebook_FriendsList">
        <test-method signature="GetFriendsList()[pri:0, instance:Facebook_FriendsList@32eff876]" started-at="2022-09-22T18:30:37 GMT+05:30" name="GetFriendsList" finished-at="2022-09-22T18:30:37 GMT+05:30" duration-ms="24" status="PASS">
          <reporter-output>
          </reporter-output>
        </test-method> <!-- GetFriendsList -->
      </class> <!-- Facebook_FriendsList -->
    </test> <!-- Default test -->
  </suite> <!-- Default suite -->
</testng-results>
